Using pre-set license
Built from '2022.3/release' branch; Version is '2022.3.5f1 (9674261d40ee) revision 9860134'; Using compiler version '192829333'; Build Type 'Release'
OS: 'Windows 10  (10.0.19045) 64bit Professional' Language: 'es' Physical Memory: 16332 MB
BatchMode: 1, IsHumanControllingUs: 0, StartBugReporterOnCrash: 0, Is64bit: 1, IsPro: 1

COMMAND LINE ARGUMENTS:
C:\Program Files\Unity\Hub\Editor\2022.3.5f1\Editor\Unity.exe
-adb2
-batchMode
-noUpm
-name
AssetImportWorker2
-projectPath
V:/Usuarios/Vane/MonarcaGameJam2024/Sacred-Shadows/SacredShadows
-logFile
Logs/AssetImportWorker2.log
-srvPort
50163
Successfully changed project path to: V:/Usuarios/Vane/MonarcaGameJam2024/Sacred-Shadows/SacredShadows
V:/Usuarios/Vane/MonarcaGameJam2024/Sacred-Shadows/SacredShadows
[UnityMemory] Configuration Parameters - Can be set up in boot.config
    "memorysetup-bucket-allocator-granularity=16"
    "memorysetup-bucket-allocator-bucket-count=8"
    "memorysetup-bucket-allocator-block-size=33554432"
    "memorysetup-bucket-allocator-block-count=8"
    "memorysetup-main-allocator-block-size=16777216"
    "memorysetup-thread-allocator-block-size=16777216"
    "memorysetup-gfx-main-allocator-block-size=16777216"
    "memorysetup-gfx-thread-allocator-block-size=16777216"
    "memorysetup-cache-allocator-block-size=4194304"
    "memorysetup-typetree-allocator-block-size=2097152"
    "memorysetup-profiler-bucket-allocator-granularity=16"
    "memorysetup-profiler-bucket-allocator-bucket-count=8"
    "memorysetup-profiler-bucket-allocator-block-size=33554432"
    "memorysetup-profiler-bucket-allocator-block-count=8"
    "memorysetup-profiler-allocator-block-size=16777216"
    "memorysetup-profiler-editor-allocator-block-size=1048576"
    "memorysetup-temp-allocator-size-main=16777216"
    "memorysetup-job-temp-allocator-block-size=2097152"
    "memorysetup-job-temp-allocator-block-size-background=1048576"
    "memorysetup-job-temp-allocator-reduction-small-platforms=262144"
    "memorysetup-allocator-temp-initial-block-size-main=262144"
    "memorysetup-allocator-temp-initial-block-size-worker=262144"
    "memorysetup-temp-allocator-size-background-worker=32768"
    "memorysetup-temp-allocator-size-job-worker=262144"
    "memorysetup-temp-allocator-size-preload-manager=33554432"
    "memorysetup-temp-allocator-size-nav-mesh-worker=65536"
    "memorysetup-temp-allocator-size-audio-worker=65536"
    "memorysetup-temp-allocator-size-cloud-worker=32768"
    "memorysetup-temp-allocator-size-gi-baking-worker=262144"
    "memorysetup-temp-allocator-size-gfx=262144"
Player connection [19204] Host "[IP] 192.168.100.47 [Port] 0 [Flags] 2 [Guid] 781155635 [EditorId] 781155635 [Version] 1048832 [Id] WindowsEditor(7,PC-vanne) [Debug] 1 [PackageName] WindowsEditor [ProjectName] Editor" joined multi-casting on [225.0.0.222:54997]...

Player connection [19204] Host "[IP] 192.168.100.47 [Port] 0 [Flags] 2 [Guid] 781155635 [EditorId] 781155635 [Version] 1048832 [Id] WindowsEditor(7,PC-vanne) [Debug] 1 [PackageName] WindowsEditor [ProjectName] Editor" joined alternative multi-casting on [225.0.0.222:34997]...

Refreshing native plugins compatible for Editor in 8.76 ms, found 3 plugins.
Preloading 0 native plugins for Editor in 0.00 ms.
Initialize engine version: 2022.3.5f1 (9674261d40ee)
[Subsystems] Discovering subsystems at path C:/Program Files/Unity/Hub/Editor/2022.3.5f1/Editor/Data/Resources/UnitySubsystems
[Subsystems] Discovering subsystems at path V:/Usuarios/Vane/MonarcaGameJam2024/Sacred-Shadows/SacredShadows/Assets
GfxDevice: creating device client; threaded=0; jobified=0
Direct3D:
    Version:  Direct3D 11.0 [level 11.1]
    Renderer: Radeon RX 570 Series (ID=0x67df)
    Vendor:   ATI
    VRAM:     8135 MB
    Driver:   31.0.21912.14
Initialize mono
Mono path[0] = 'C:/Program Files/Unity/Hub/Editor/2022.3.5f1/Editor/Data/Managed'
Mono path[1] = 'C:/Program Files/Unity/Hub/Editor/2022.3.5f1/Editor/Data/MonoBleedingEdge/lib/mono/unityjit-win32'
Mono config path = 'C:/Program Files/Unity/Hub/Editor/2022.3.5f1/Editor/Data/MonoBleedingEdge/etc'
Using monoOptions --debugger-agent=transport=dt_socket,embedding=1,server=y,suspend=n,address=127.0.0.1:56180
Begin MonoManager ReloadAssembly
Registering precompiled unity dll's ...
Register platform support module: C:/Program Files/Unity/Hub/Editor/2022.3.5f1/Editor/Data/PlaybackEngines/AndroidPlayer/UnityEditor.Android.Extensions.dll
Register platform support module: C:/Program Files/Unity/Hub/Editor/2022.3.5f1/Editor/Data/PlaybackEngines/WindowsStandaloneSupport/UnityEditor.WindowsStandalone.Extensions.dll
Registered in 0.015714 seconds.
- Loaded All Assemblies, in  0.364 seconds
Native extension for WindowsStandalone target not found
Native extension for Android target not found
Mono: successfully reloaded assembly
- Finished resetting the current domain, in  0.303 seconds
Domain Reload Profiling: 664ms
	BeginReloadAssembly (92ms)
		ExecutionOrderSort (0ms)
		DisableScriptedObjects (0ms)
		BackupInstance (0ms)
		ReleaseScriptingObjects (0ms)
		CreateAndSetChildDomain (1ms)
	RebuildCommonClasses (36ms)
	RebuildNativeTypeToScriptingClass (11ms)
	initialDomainReloadingComplete (71ms)
	LoadAllAssembliesAndSetupDomain (151ms)
		LoadAssemblies (89ms)
		RebuildTransferFunctionScriptingTraits (0ms)
		AnalyzeDomain (139ms)
			TypeCache.Refresh (138ms)
				TypeCache.ScanAssembly (127ms)
			ScanForSourceGeneratedMonoScriptInfo (0ms)
			ResolveRequiredComponents (1ms)
	FinalizeReload (304ms)
		ReleaseScriptCaches (0ms)
		RebuildScriptCaches (0ms)
		SetupLoadedEditorAssemblies (247ms)
			LogAssemblyErrors (0ms)
			InitializePlatformSupportModulesInManaged (83ms)
			SetLoadedEditorAssemblies (4ms)
			RefreshPlugins (0ms)
			BeforeProcessingInitializeOnLoad (2ms)
			ProcessInitializeOnLoadAttributes (111ms)
			ProcessInitializeOnLoadMethodAttributes (46ms)
			AfterProcessingInitializeOnLoad (0ms)
			EditorAssembliesLoaded (0ms)
		ExecutionOrderSort2 (0ms)
		AwakeInstancesAfterBackupRestoration (0ms)
========================================================================
Worker process is ready to serve import requests
Begin MonoManager ReloadAssembly
Symbol file LoadedFromMemory doesn't match image V:\Usuarios\Vane\MonarcaGameJam2024\Sacred-Shadows\SacredShadows\Library\PackageCache\com.unity.visualscripting@1.8.0\Editor\VisualScripting.Core\Dependencies\YamlDotNet\Unity.VisualScripting.YamlDotNet.dll
Symbol file LoadedFromMemory doesn't match image V:\Usuarios\Vane\MonarcaGameJam2024\Sacred-Shadows\SacredShadows\Library\PackageCache\com.unity.visualscripting@1.8.0\Editor\VisualScripting.Core\Dependencies\DotNetZip\Unity.VisualScripting.IonicZip.dll
- Loaded All Assemblies, in  0.761 seconds
Refreshing native plugins compatible for Editor in 3.29 ms, found 3 plugins.
Native extension for WindowsStandalone target not found
Native extension for Android target not found
Mono: successfully reloaded assembly
- Finished resetting the current domain, in  0.518 seconds
Domain Reload Profiling: 1275ms
	BeginReloadAssembly (139ms)
		ExecutionOrderSort (0ms)
		DisableScriptedObjects (6ms)
		BackupInstance (0ms)
		ReleaseScriptingObjects (0ms)
		CreateAndSetChildDomain (23ms)
	RebuildCommonClasses (34ms)
	RebuildNativeTypeToScriptingClass (11ms)
	initialDomainReloadingComplete (47ms)
	LoadAllAssembliesAndSetupDomain (526ms)
		LoadAssemblies (287ms)
		RebuildTransferFunctionScriptingTraits (0ms)
		AnalyzeDomain (303ms)
			TypeCache.Refresh (285ms)
				TypeCache.ScanAssembly (272ms)
			ScanForSourceGeneratedMonoScriptInfo (13ms)
			ResolveRequiredComponents (4ms)
	FinalizeReload (518ms)
		ReleaseScriptCaches (0ms)
		RebuildScriptCaches (0ms)
		SetupLoadedEditorAssemblies (372ms)
			LogAssemblyErrors (0ms)
			InitializePlatformSupportModulesInManaged (26ms)
			SetLoadedEditorAssemblies (4ms)
			RefreshPlugins (0ms)
			BeforeProcessingInitializeOnLoad (65ms)
			ProcessInitializeOnLoadAttributes (246ms)
			ProcessInitializeOnLoadMethodAttributes (17ms)
			AfterProcessingInitializeOnLoad (13ms)
			EditorAssembliesLoaded (0ms)
		ExecutionOrderSort2 (0ms)
		AwakeInstancesAfterBackupRestoration (9ms)
Launched and connected shader compiler UnityShaderCompiler.exe after 0.04 seconds
Refreshing native plugins compatible for Editor in 3.11 ms, found 3 plugins.
Preloading 0 native plugins for Editor in 0.00 ms.
Unloading 3247 Unused Serialized files (Serialized files now loaded: 0)
Unloading 44 unused Assets / (129.8 KB). Loaded Objects now: 3714.
Memory consumption went from 129.7 MB to 129.5 MB.
Total: 3.310100 ms (FindLiveObjects: 0.410000 ms CreateObjectMapping: 0.094500 ms MarkObjects: 2.673000 ms  DeleteObjects: 0.131600 ms)

AssetImportParameters requested are different than current active one (requested -> active):
  custom:container-demuxer-ogg: 62fdf1f143b41e24485cea50d1cbac27 -> 
  custom:video-decoder-ogg-theora: a1e56fd34408186e4bbccfd4996cb3dc -> 
  custom:framework-win-MediaFoundation: 216162199b28c13a410421893ffa2e32 -> 
  custom:CustomObjectIndexerAttribute: 756ad292c208cfabdd7b50bc23989ffe -> 
  custom:container-demuxer-webm: 4f35f7cbe854078d1ac9338744f61a02 -> 
  custom:container-muxer-webm: aa71ff27fc2769a1b78a27578f13a17b -> 
  custom:video-decoder-webm-vp8: 9c59270c3fd7afecdb556c50c9e8de78 -> 
  custom:AudioImporter_EditorPlatform: d09bf68614088b80899f8185d706f6e7 -> 
  custom:video-encoder-webm-vp8: eb34c28f22e8b96e1ab97ce403110664 -> 
  custom:audio-decoder-ogg-vorbis: bf7c407c2cedff20999df2af8eb42d56 -> 
  custom:audio-encoder-webm-vorbis: bf7c407c2cedff20999df2af8eb42d56 -> 
========================================================================
Received Import Request.
  Time since last request: 2370.564907 seconds.
  path: Assets/Art/Sprites/BackpackMenu/MENU_BACKPACK_BTTN_USE.png
  artifactKey: Guid(1f2308ab35e2ebc4cba2f2ea115fa71a) Importer(815301076,1909f56bfc062723c751e8b465ee728b)
Start importing Assets/Art/Sprites/BackpackMenu/MENU_BACKPACK_BTTN_USE.png using Guid(1f2308ab35e2ebc4cba2f2ea115fa71a) Importer(815301076,1909f56bfc062723c751e8b465ee728b)  -> (artifact id: '9018952d0a632af20ae352861c24e834') in 0.088141 seconds
Number of updated asset objects reloaded before import = 0
Number of asset objects unloaded after import = 3
========================================================================
Received Import Request.
  Time since last request: 0.000022 seconds.
  path: Assets/Art/Sprites/BackpackMenu/MENU_GUIDE.png
  artifactKey: Guid(be773c6149141ea47b25edf5d4e4e9d8) Importer(815301076,1909f56bfc062723c751e8b465ee728b)
Start importing Assets/Art/Sprites/BackpackMenu/MENU_GUIDE.png using Guid(be773c6149141ea47b25edf5d4e4e9d8) Importer(815301076,1909f56bfc062723c751e8b465ee728b)  -> (artifact id: '8d1f15a74fdf3e00af964a06e8d3b8b7') in 0.038755 seconds
Number of updated asset objects reloaded before import = 0
Number of asset objects unloaded after import = 3
========================================================================
Received Import Request.
  Time since last request: 5.498451 seconds.
  path: Assets/Art/Sprites/HUD
  artifactKey: Guid(7d9171c8d4c69d946819a90a6b713fd8) Importer(815301076,1909f56bfc062723c751e8b465ee728b)
Start importing Assets/Art/Sprites/HUD using Guid(7d9171c8d4c69d946819a90a6b713fd8) Importer(815301076,1909f56bfc062723c751e8b465ee728b)  -> (artifact id: '344ad2c1367c15fd6404ed4bdca11a11') in 0.000630 seconds
Number of updated asset objects reloaded before import = 0
Number of asset objects unloaded after import = 0
========================================================================
Received Import Request.
  Time since last request: 0.041863 seconds.
  path: Assets/Art/Sprites/HUD/HUD_BACKPACK.png
  artifactKey: Guid(b2aba95bcb5f3214da5514944ff7704b) Importer(815301076,1909f56bfc062723c751e8b465ee728b)
Start importing Assets/Art/Sprites/HUD/HUD_BACKPACK.png using Guid(b2aba95bcb5f3214da5514944ff7704b) Importer(815301076,1909f56bfc062723c751e8b465ee728b)  -> (artifact id: 'b7c9fb28eb073bd1786c6dfe9802fb24') in 0.022298 seconds
Number of updated asset objects reloaded before import = 0
Number of asset objects unloaded after import = 2
========================================================================
Received Import Request.
  Time since last request: 0.000014 seconds.
  path: Assets/Art/Sprites/HUD/HUD_SMARTWATCH.png
  artifactKey: Guid(d4a42d9efbf5937488c6ebe745ea0326) Importer(815301076,1909f56bfc062723c751e8b465ee728b)
Start importing Assets/Art/Sprites/HUD/HUD_SMARTWATCH.png using Guid(d4a42d9efbf5937488c6ebe745ea0326) Importer(815301076,1909f56bfc062723c751e8b465ee728b)  -> (artifact id: 'c3da54d563acfd261c38290078a50c98') in 0.022057 seconds
Number of updated asset objects reloaded before import = 0
Number of asset objects unloaded after import = 2
========================================================================
Received Import Request.
  Time since last request: 10.697632 seconds.
  path: Assets/Art/Sprites/HUD/HUD_BACKPACK.png
  artifactKey: Guid(b2aba95bcb5f3214da5514944ff7704b) Importer(815301076,1909f56bfc062723c751e8b465ee728b)
Start importing Assets/Art/Sprites/HUD/HUD_BACKPACK.png using Guid(b2aba95bcb5f3214da5514944ff7704b) Importer(815301076,1909f56bfc062723c751e8b465ee728b)  -> (artifact id: '8ceda90924678607bb1da81086c3d703') in 0.333434 seconds
Number of updated asset objects reloaded before import = 0
Number of asset objects unloaded after import = 3
========================================================================
Received Import Request.
  Time since last request: 0.000024 seconds.
  path: Assets/Art/Sprites/HUD/HUD_SMARTWATCH.png
  artifactKey: Guid(d4a42d9efbf5937488c6ebe745ea0326) Importer(815301076,1909f56bfc062723c751e8b465ee728b)
Start importing Assets/Art/Sprites/HUD/HUD_SMARTWATCH.png using Guid(d4a42d9efbf5937488c6ebe745ea0326) Importer(815301076,1909f56bfc062723c751e8b465ee728b)  -> (artifact id: 'ee2f98f5678b0f4cb376800aaf6235a5') in 0.076872 seconds
Number of updated asset objects reloaded before import = 0
Number of asset objects unloaded after import = 3
========================================================================
Received Import Request.
  Time since last request: 6.101098 seconds.
  path: Assets/Art/Sprites/MainMenu
  artifactKey: Guid(914ded37287ec1d4b8f97c0370de650f) Importer(815301076,1909f56bfc062723c751e8b465ee728b)
Start importing Assets/Art/Sprites/MainMenu using Guid(914ded37287ec1d4b8f97c0370de650f) Importer(815301076,1909f56bfc062723c751e8b465ee728b)  -> (artifact id: '2f05cceac16c97fec043da735ceb9c91') in 0.000967 seconds
Number of updated asset objects reloaded before import = 0
Number of asset objects unloaded after import = 0
========================================================================
Received Import Request.
  Time since last request: 0.057587 seconds.
  path: Assets/Art/Sprites/MainMenu/MAINMENU_B.png
  artifactKey: Guid(b8d09fc1cd069dd47bdf714e375bd0c3) Importer(815301076,1909f56bfc062723c751e8b465ee728b)
Start importing Assets/Art/Sprites/MainMenu/MAINMENU_B.png using Guid(b8d09fc1cd069dd47bdf714e375bd0c3) Importer(815301076,1909f56bfc062723c751e8b465ee728b)  -> (artifact id: '7101edd6c6118787aacd1f5aaa51cb05') in 0.022428 seconds
Number of updated asset objects reloaded before import = 0
Number of asset objects unloaded after import = 2
========================================================================
Received Import Request.
  Time since last request: 0.000015 seconds.
  path: Assets/Art/Sprites/MainMenu/THEFEARCULT_LOGO_GAME.png
  artifactKey: Guid(2a276be019cd59645b72ad04b67247a7) Importer(815301076,1909f56bfc062723c751e8b465ee728b)
Start importing Assets/Art/Sprites/MainMenu/THEFEARCULT_LOGO_GAME.png using Guid(2a276be019cd59645b72ad04b67247a7) Importer(815301076,1909f56bfc062723c751e8b465ee728b)  -> (artifact id: 'bf760b58c5d2015bca817d5d1f2bdb99') in 0.019648 seconds
Number of updated asset objects reloaded before import = 0
Number of asset objects unloaded after import = 2
========================================================================
Received Import Request.
  Time since last request: 8.819546 seconds.
  path: Assets/Art/Sprites/MainMenu/MAINMENU_B.png
  artifactKey: Guid(b8d09fc1cd069dd47bdf714e375bd0c3) Importer(815301076,1909f56bfc062723c751e8b465ee728b)
Start importing Assets/Art/Sprites/MainMenu/MAINMENU_B.png using Guid(b8d09fc1cd069dd47bdf714e375bd0c3) Importer(815301076,1909f56bfc062723c751e8b465ee728b)  -> (artifact id: '851526d89201ebe258c7fc09087834dc') in 0.247642 seconds
Number of updated asset objects reloaded before import = 0
Number of asset objects unloaded after import = 3
========================================================================
Received Import Request.
  Time since last request: 0.000053 seconds.
  path: Assets/Art/Sprites/MainMenu/MAINMENU_TITLE.png
  artifactKey: Guid(b2571dee6fba72b45b763ff614a0a4be) Importer(815301076,1909f56bfc062723c751e8b465ee728b)
Start importing Assets/Art/Sprites/MainMenu/MAINMENU_TITLE.png using Guid(b2571dee6fba72b45b763ff614a0a4be) Importer(815301076,1909f56bfc062723c751e8b465ee728b)  -> (artifact id: '2bc485198d62690649f4ca624734e06c') in 0.032806 seconds
Number of updated asset objects reloaded before import = 0
Number of asset objects unloaded after import = 3
========================================================================
Received Import Request.
  Time since last request: 3.079771 seconds.
  path: Assets/Art/Sprites/StatsMenu
  artifactKey: Guid(b2c12e5d759e1ec4ab063f4d87ae7897) Importer(815301076,1909f56bfc062723c751e8b465ee728b)
Start importing Assets/Art/Sprites/StatsMenu using Guid(b2c12e5d759e1ec4ab063f4d87ae7897) Importer(815301076,1909f56bfc062723c751e8b465ee728b)  -> (artifact id: 'f8e31f00e3bf0f88add11cc48fb39b3b') in 0.000813 seconds
Number of updated asset objects reloaded before import = 0
Number of asset objects unloaded after import = 0
========================================================================
Received Import Request.
  Time since last request: 0.057057 seconds.
  path: Assets/Art/Sprites/StatsMenu/MENU_GENERAL_BASE.png
  artifactKey: Guid(80aac54225f242d4ea9288491dfe0245) Importer(815301076,1909f56bfc062723c751e8b465ee728b)
Start importing Assets/Art/Sprites/StatsMenu/MENU_GENERAL_BASE.png using Guid(80aac54225f242d4ea9288491dfe0245) Importer(815301076,1909f56bfc062723c751e8b465ee728b)  -> (artifact id: 'be473c3a5e6bdf87cc5fbe5278278340') in 0.020840 seconds
Number of updated asset objects reloaded before import = 0
Number of asset objects unloaded after import = 2
========================================================================
Received Import Request.
  Time since last request: 9.601618 seconds.
  path: Assets/Art/Sprites/StatsMenu/MENU_GENERAL_BASE.png
  artifactKey: Guid(80aac54225f242d4ea9288491dfe0245) Importer(815301076,1909f56bfc062723c751e8b465ee728b)
Start importing Assets/Art/Sprites/StatsMenu/MENU_GENERAL_BASE.png using Guid(80aac54225f242d4ea9288491dfe0245) Importer(815301076,1909f56bfc062723c751e8b465ee728b)  -> (artifact id: '836f8c4dfa1c0b186cfd31c48345fce7') in 0.029457 seconds
Number of updated asset objects reloaded before import = 0
Number of asset objects unloaded after import = 3
Editor requested this worker to shutdown with reason: Scaling down because of idle timeout
TcpMessagingSession - receive error: operation aborted. errorcode: 995, details: La operación de E/S se anuló por una salida de subproceso o por una solicitud de aplicación.
AssetImportWorker is now disconnected from the server
Process exiting
Exiting without the bug reporter. Application will terminate with return code 0