Using pre-set license
Built from '2022.3/release' branch; Version is '2022.3.5f1 (9674261d40ee) revision 9860134'; Using compiler version '192829333'; Build Type 'Release'
OS: 'Windows 10  (10.0.19045) 64bit Professional' Language: 'es' Physical Memory: 16332 MB
BatchMode: 1, IsHumanControllingUs: 0, StartBugReporterOnCrash: 0, Is64bit: 1, IsPro: 1

COMMAND LINE ARGUMENTS:
C:\Program Files\Unity\Hub\Editor\2022.3.5f1\Editor\Unity.exe
-adb2
-batchMode
-noUpm
-name
AssetImportWorker0
-projectPath
V:/Usuarios/Vane/MonarcaGameJam2024/Sacred-Shadows/SacredShadows
-logFile
Logs/AssetImportWorker0.log
-srvPort
50163
Successfully changed project path to: V:/Usuarios/Vane/MonarcaGameJam2024/Sacred-Shadows/SacredShadows
V:/Usuarios/Vane/MonarcaGameJam2024/Sacred-Shadows/SacredShadows
[UnityMemory] Configuration Parameters - Can be set up in boot.config
    "memorysetup-bucket-allocator-granularity=16"
    "memorysetup-bucket-allocator-bucket-count=8"
    "memorysetup-bucket-allocator-block-size=33554432"
    "memorysetup-bucket-allocator-block-count=8"
    "memorysetup-main-allocator-block-size=16777216"
    "memorysetup-thread-allocator-block-size=16777216"
    "memorysetup-gfx-main-allocator-block-size=16777216"
    "memorysetup-gfx-thread-allocator-block-size=16777216"
    "memorysetup-cache-allocator-block-size=4194304"
    "memorysetup-typetree-allocator-block-size=2097152"
    "memorysetup-profiler-bucket-allocator-granularity=16"
    "memorysetup-profiler-bucket-allocator-bucket-count=8"
    "memorysetup-profiler-bucket-allocator-block-size=33554432"
    "memorysetup-profiler-bucket-allocator-block-count=8"
    "memorysetup-profiler-allocator-block-size=16777216"
    "memorysetup-profiler-editor-allocator-block-size=1048576"
    "memorysetup-temp-allocator-size-main=16777216"
    "memorysetup-job-temp-allocator-block-size=2097152"
    "memorysetup-job-temp-allocator-block-size-background=1048576"
    "memorysetup-job-temp-allocator-reduction-small-platforms=262144"
    "memorysetup-allocator-temp-initial-block-size-main=262144"
    "memorysetup-allocator-temp-initial-block-size-worker=262144"
    "memorysetup-temp-allocator-size-background-worker=32768"
    "memorysetup-temp-allocator-size-job-worker=262144"
    "memorysetup-temp-allocator-size-preload-manager=33554432"
    "memorysetup-temp-allocator-size-nav-mesh-worker=65536"
    "memorysetup-temp-allocator-size-audio-worker=65536"
    "memorysetup-temp-allocator-size-cloud-worker=32768"
    "memorysetup-temp-allocator-size-gi-baking-worker=262144"
    "memorysetup-temp-allocator-size-gfx=262144"
Player connection [14712] Host "[IP] 192.168.100.47 [Port] 0 [Flags] 2 [Guid] 1716959629 [EditorId] 1716959629 [Version] 1048832 [Id] WindowsEditor(7,PC-vanne) [Debug] 1 [PackageName] WindowsEditor [ProjectName] Editor" joined multi-casting on [225.0.0.222:54997]...

Player connection [14712] Host "[IP] 192.168.100.47 [Port] 0 [Flags] 2 [Guid] 1716959629 [EditorId] 1716959629 [Version] 1048832 [Id] WindowsEditor(7,PC-vanne) [Debug] 1 [PackageName] WindowsEditor [ProjectName] Editor" joined alternative multi-casting on [225.0.0.222:34997]...

Refreshing native plugins compatible for Editor in 11.39 ms, found 3 plugins.
Preloading 0 native plugins for Editor in 0.00 ms.
Initialize engine version: 2022.3.5f1 (9674261d40ee)
[Subsystems] Discovering subsystems at path C:/Program Files/Unity/Hub/Editor/2022.3.5f1/Editor/Data/Resources/UnitySubsystems
[Subsystems] Discovering subsystems at path V:/Usuarios/Vane/MonarcaGameJam2024/Sacred-Shadows/SacredShadows/Assets
GfxDevice: creating device client; threaded=0; jobified=0
Direct3D:
    Version:  Direct3D 11.0 [level 11.1]
    Renderer: Radeon RX 570 Series (ID=0x67df)
    Vendor:   ATI
    VRAM:     8135 MB
    Driver:   31.0.21912.14
Initialize mono
Mono path[0] = 'C:/Program Files/Unity/Hub/Editor/2022.3.5f1/Editor/Data/Managed'
Mono path[1] = 'C:/Program Files/Unity/Hub/Editor/2022.3.5f1/Editor/Data/MonoBleedingEdge/lib/mono/unityjit-win32'
Mono config path = 'C:/Program Files/Unity/Hub/Editor/2022.3.5f1/Editor/Data/MonoBleedingEdge/etc'
Using monoOptions --debugger-agent=transport=dt_socket,embedding=1,server=y,suspend=n,address=127.0.0.1:56064
Begin MonoManager ReloadAssembly
Registering precompiled unity dll's ...
Register platform support module: C:/Program Files/Unity/Hub/Editor/2022.3.5f1/Editor/Data/PlaybackEngines/AndroidPlayer/UnityEditor.Android.Extensions.dll
Register platform support module: C:/Program Files/Unity/Hub/Editor/2022.3.5f1/Editor/Data/PlaybackEngines/WindowsStandaloneSupport/UnityEditor.WindowsStandalone.Extensions.dll
Registered in 0.024059 seconds.
- Loaded All Assemblies, in  0.428 seconds
Native extension for WindowsStandalone target not found
Native extension for Android target not found
Mono: successfully reloaded assembly
- Finished resetting the current domain, in  0.345 seconds
Domain Reload Profiling: 768ms
	BeginReloadAssembly (104ms)
		ExecutionOrderSort (0ms)
		DisableScriptedObjects (0ms)
		BackupInstance (0ms)
		ReleaseScriptingObjects (0ms)
		CreateAndSetChildDomain (1ms)
	RebuildCommonClasses (39ms)
	RebuildNativeTypeToScriptingClass (14ms)
	initialDomainReloadingComplete (91ms)
	LoadAllAssembliesAndSetupDomain (174ms)
		LoadAssemblies (101ms)
		RebuildTransferFunctionScriptingTraits (0ms)
		AnalyzeDomain (159ms)
			TypeCache.Refresh (158ms)
				TypeCache.ScanAssembly (143ms)
			ScanForSourceGeneratedMonoScriptInfo (0ms)
			ResolveRequiredComponents (0ms)
	FinalizeReload (346ms)
		ReleaseScriptCaches (0ms)
		RebuildScriptCaches (0ms)
		SetupLoadedEditorAssemblies (280ms)
			LogAssemblyErrors (0ms)
			InitializePlatformSupportModulesInManaged (94ms)
			SetLoadedEditorAssemblies (4ms)
			RefreshPlugins (0ms)
			BeforeProcessingInitializeOnLoad (2ms)
			ProcessInitializeOnLoadAttributes (118ms)
			ProcessInitializeOnLoadMethodAttributes (61ms)
			AfterProcessingInitializeOnLoad (0ms)
			EditorAssembliesLoaded (0ms)
		ExecutionOrderSort2 (0ms)
		AwakeInstancesAfterBackupRestoration (0ms)
========================================================================
Worker process is ready to serve import requests
Begin MonoManager ReloadAssembly
Symbol file LoadedFromMemory doesn't match image V:\Usuarios\Vane\MonarcaGameJam2024\Sacred-Shadows\SacredShadows\Library\PackageCache\com.unity.visualscripting@1.8.0\Editor\VisualScripting.Core\Dependencies\YamlDotNet\Unity.VisualScripting.YamlDotNet.dll
Symbol file LoadedFromMemory doesn't match image V:\Usuarios\Vane\MonarcaGameJam2024\Sacred-Shadows\SacredShadows\Library\PackageCache\com.unity.visualscripting@1.8.0\Editor\VisualScripting.Core\Dependencies\DotNetZip\Unity.VisualScripting.IonicZip.dll
- Loaded All Assemblies, in  0.879 seconds
Refreshing native plugins compatible for Editor in 3.45 ms, found 3 plugins.
Native extension for WindowsStandalone target not found
Native extension for Android target not found
Mono: successfully reloaded assembly
- Finished resetting the current domain, in  0.618 seconds
Domain Reload Profiling: 1492ms
	BeginReloadAssembly (161ms)
		ExecutionOrderSort (0ms)
		DisableScriptedObjects (5ms)
		BackupInstance (0ms)
		ReleaseScriptingObjects (0ms)
		CreateAndSetChildDomain (22ms)
	RebuildCommonClasses (40ms)
	RebuildNativeTypeToScriptingClass (14ms)
	initialDomainReloadingComplete (59ms)
	LoadAllAssembliesAndSetupDomain (599ms)
		LoadAssemblies (348ms)
		RebuildTransferFunctionScriptingTraits (0ms)
		AnalyzeDomain (333ms)
			TypeCache.Refresh (313ms)
				TypeCache.ScanAssembly (298ms)
			ScanForSourceGeneratedMonoScriptInfo (15ms)
			ResolveRequiredComponents (5ms)
	FinalizeReload (618ms)
		ReleaseScriptCaches (0ms)
		RebuildScriptCaches (0ms)
		SetupLoadedEditorAssemblies (440ms)
			LogAssemblyErrors (0ms)
			InitializePlatformSupportModulesInManaged (32ms)
			SetLoadedEditorAssemblies (5ms)
			RefreshPlugins (0ms)
			BeforeProcessingInitializeOnLoad (81ms)
			ProcessInitializeOnLoadAttributes (283ms)
			ProcessInitializeOnLoadMethodAttributes (22ms)
			AfterProcessingInitializeOnLoad (18ms)
			EditorAssembliesLoaded (0ms)
		ExecutionOrderSort2 (0ms)
		AwakeInstancesAfterBackupRestoration (9ms)
Launched and connected shader compiler UnityShaderCompiler.exe after 0.06 seconds
Refreshing native plugins compatible for Editor in 3.68 ms, found 3 plugins.
Preloading 0 native plugins for Editor in 0.00 ms.
Unloading 3247 Unused Serialized files (Serialized files now loaded: 0)
Unloading 44 unused Assets / (129.8 KB). Loaded Objects now: 3714.
Memory consumption went from 129.7 MB to 129.6 MB.
Total: 3.855700 ms (FindLiveObjects: 0.375400 ms CreateObjectMapping: 0.096000 ms MarkObjects: 3.211800 ms  DeleteObjects: 0.171300 ms)

AssetImportParameters requested are different than current active one (requested -> active):
  custom:container-demuxer-ogg: 62fdf1f143b41e24485cea50d1cbac27 -> 
  custom:video-decoder-ogg-theora: a1e56fd34408186e4bbccfd4996cb3dc -> 
  custom:framework-win-MediaFoundation: 216162199b28c13a410421893ffa2e32 -> 
  custom:CustomObjectIndexerAttribute: 756ad292c208cfabdd7b50bc23989ffe -> 
  custom:container-demuxer-webm: 4f35f7cbe854078d1ac9338744f61a02 -> 
  custom:container-muxer-webm: aa71ff27fc2769a1b78a27578f13a17b -> 
  custom:video-decoder-webm-vp8: 9c59270c3fd7afecdb556c50c9e8de78 -> 
  custom:AudioImporter_EditorPlatform: d09bf68614088b80899f8185d706f6e7 -> 
  custom:video-encoder-webm-vp8: eb34c28f22e8b96e1ab97ce403110664 -> 
  custom:audio-decoder-ogg-vorbis: bf7c407c2cedff20999df2af8eb42d56 -> 
  custom:audio-encoder-webm-vorbis: bf7c407c2cedff20999df2af8eb42d56 -> 
========================================================================
Received Import Request.
  Time since last request: 2235.179229 seconds.
  path: Assets/Art
  artifactKey: Guid(2b9cff45c2b0ba74d8dc7502315c537d) Importer(815301076,1909f56bfc062723c751e8b465ee728b)
Start importing Assets/Art using Guid(2b9cff45c2b0ba74d8dc7502315c537d) Importer(815301076,1909f56bfc062723c751e8b465ee728b)  -> (artifact id: '85173f16718ebbb5f25a61ea4d655009') in 0.002126 seconds
Number of updated asset objects reloaded before import = 0
Number of asset objects unloaded after import = 0
========================================================================
Received Import Request.
  Time since last request: 114.407020 seconds.
  path: Assets/Art/Sprites/BackpackMenu
  artifactKey: Guid(e0f31fdb9f2321d4aa8e97848cc009a2) Importer(815301076,1909f56bfc062723c751e8b465ee728b)
Start importing Assets/Art/Sprites/BackpackMenu using Guid(e0f31fdb9f2321d4aa8e97848cc009a2) Importer(815301076,1909f56bfc062723c751e8b465ee728b)  -> (artifact id: 'a19d644ded036a5c4cac80240dc1b717') in 0.000855 seconds
Number of updated asset objects reloaded before import = 0
Number of asset objects unloaded after import = 0
========================================================================
Received Import Request.
  Time since last request: 0.046881 seconds.
  path: Assets/Art/Sprites/BackpackMenu/MENU_BACKPACK_BTTN_USE.png
  artifactKey: Guid(1f2308ab35e2ebc4cba2f2ea115fa71a) Importer(815301076,1909f56bfc062723c751e8b465ee728b)
Start importing Assets/Art/Sprites/BackpackMenu/MENU_BACKPACK_BTTN_USE.png using Guid(1f2308ab35e2ebc4cba2f2ea115fa71a) Importer(815301076,1909f56bfc062723c751e8b465ee728b)  -> (artifact id: 'd385a868823d6979f51ff2d4524743cd') in 0.073743 seconds
Number of updated asset objects reloaded before import = 0
Number of asset objects unloaded after import = 2
========================================================================
Received Import Request.
  Time since last request: 0.000036 seconds.
  path: Assets/Art/Sprites/BackpackMenu/MENU_GENERAL_LINE.png
  artifactKey: Guid(b4db736118755834295ed7cad79db8e6) Importer(815301076,1909f56bfc062723c751e8b465ee728b)
Start importing Assets/Art/Sprites/BackpackMenu/MENU_GENERAL_LINE.png using Guid(b4db736118755834295ed7cad79db8e6) Importer(815301076,1909f56bfc062723c751e8b465ee728b)  -> (artifact id: 'ea17415a4bbaf3982bc0b2b32c7a6a9a') in 0.020842 seconds
Number of updated asset objects reloaded before import = 0
Number of asset objects unloaded after import = 2
========================================================================
Received Import Request.
  Time since last request: 0.000029 seconds.
  path: Assets/Art/Sprites/BackpackMenu/MENU_GENERAL_BASE.png
  artifactKey: Guid(532f12e892f0d034aaf107666c6fdee2) Importer(815301076,1909f56bfc062723c751e8b465ee728b)
Start importing Assets/Art/Sprites/BackpackMenu/MENU_GENERAL_BASE.png using Guid(532f12e892f0d034aaf107666c6fdee2) Importer(815301076,1909f56bfc062723c751e8b465ee728b)  -> (artifact id: 'eb52d7d3e0b9e008f9b7444b254b7d41') in 0.022239 seconds
Number of updated asset objects reloaded before import = 0
Number of asset objects unloaded after import = 2
========================================================================
Received Import Request.
  Time since last request: 20.797281 seconds.
  path: Assets/Art/Sprites/BackpackMenu/MENU_BACKPACK_OBJECT_BASE.png
  artifactKey: Guid(3bb523c2e8d588d44b1bc51b08baa7aa) Importer(815301076,1909f56bfc062723c751e8b465ee728b)
Start importing Assets/Art/Sprites/BackpackMenu/MENU_BACKPACK_OBJECT_BASE.png using Guid(3bb523c2e8d588d44b1bc51b08baa7aa) Importer(815301076,1909f56bfc062723c751e8b465ee728b)  -> (artifact id: 'c54db226c023460e91d99be911943322') in 0.088222 seconds
Number of updated asset objects reloaded before import = 0
Number of asset objects unloaded after import = 3
========================================================================
Received Import Request.
  Time since last request: 0.000023 seconds.
  path: Assets/Art/Sprites/BackpackMenu/MENU_GENERAL_BASE.png
  artifactKey: Guid(532f12e892f0d034aaf107666c6fdee2) Importer(815301076,1909f56bfc062723c751e8b465ee728b)
Start importing Assets/Art/Sprites/BackpackMenu/MENU_GENERAL_BASE.png using Guid(532f12e892f0d034aaf107666c6fdee2) Importer(815301076,1909f56bfc062723c751e8b465ee728b)  -> (artifact id: 'b25e7dea0a2075703dff7e3ec5cc2e9e') in 0.038552 seconds
Number of updated asset objects reloaded before import = 0
Number of asset objects unloaded after import = 3
========================================================================
Received Import Request.
  Time since last request: 5.542368 seconds.
  path: Assets/Art/Sprites/HUD/HUD_FEARBAR_OFF.png
  artifactKey: Guid(da22319e7a673a6479a28f512682ee44) Importer(815301076,1909f56bfc062723c751e8b465ee728b)
Start importing Assets/Art/Sprites/HUD/HUD_FEARBAR_OFF.png using Guid(da22319e7a673a6479a28f512682ee44) Importer(815301076,1909f56bfc062723c751e8b465ee728b)  -> (artifact id: '99c6636913d0204145d65f800ac00214') in 0.021344 seconds
Number of updated asset objects reloaded before import = 0
Number of asset objects unloaded after import = 2
========================================================================
Received Import Request.
  Time since last request: 0.000017 seconds.
  path: Assets/Art/Sprites/HUD/HUD_WARNING.png
  artifactKey: Guid(08e1486d94c423d45adf5d8e6469f803) Importer(815301076,1909f56bfc062723c751e8b465ee728b)
Start importing Assets/Art/Sprites/HUD/HUD_WARNING.png using Guid(08e1486d94c423d45adf5d8e6469f803) Importer(815301076,1909f56bfc062723c751e8b465ee728b)  -> (artifact id: '90e3c92c65aa75a8aaeb3cec386e95eb') in 0.022645 seconds
Number of updated asset objects reloaded before import = 0
Number of asset objects unloaded after import = 2
========================================================================
Received Import Request.
  Time since last request: 10.697886 seconds.
  path: Assets/Art/Sprites/HUD/HUD_FEARBAR_OFF.png
  artifactKey: Guid(da22319e7a673a6479a28f512682ee44) Importer(815301076,1909f56bfc062723c751e8b465ee728b)
Start importing Assets/Art/Sprites/HUD/HUD_FEARBAR_OFF.png using Guid(da22319e7a673a6479a28f512682ee44) Importer(815301076,1909f56bfc062723c751e8b465ee728b)  -> (artifact id: 'b89167912a997148588ca82007efd949') in 0.329875 seconds
Number of updated asset objects reloaded before import = 0
Number of asset objects unloaded after import = 3
========================================================================
Received Import Request.
  Time since last request: 0.000030 seconds.
  path: Assets/Art/Sprites/HUD/HUD_WARNING.png
  artifactKey: Guid(08e1486d94c423d45adf5d8e6469f803) Importer(815301076,1909f56bfc062723c751e8b465ee728b)
Start importing Assets/Art/Sprites/HUD/HUD_WARNING.png using Guid(08e1486d94c423d45adf5d8e6469f803) Importer(815301076,1909f56bfc062723c751e8b465ee728b)  -> (artifact id: '7769ef3b7d551badfdac58d5d0d9d6ad') in 0.080197 seconds
Number of updated asset objects reloaded before import = 0
Number of asset objects unloaded after import = 3
========================================================================
Received Import Request.
  Time since last request: 6.161415 seconds.
  path: Assets/Art/Sprites/MainMenu/MAINMENU_GUIDE.png
  artifactKey: Guid(3f1a95cc267505d43a627665d3d81862) Importer(815301076,1909f56bfc062723c751e8b465ee728b)
Start importing Assets/Art/Sprites/MainMenu/MAINMENU_GUIDE.png using Guid(3f1a95cc267505d43a627665d3d81862) Importer(815301076,1909f56bfc062723c751e8b465ee728b)  -> (artifact id: 'a013583dbfb5d7fe420620b2e0452e21') in 0.022196 seconds
Number of updated asset objects reloaded before import = 0
Number of asset objects unloaded after import = 2
========================================================================
Received Import Request.
  Time since last request: 8.839965 seconds.
  path: Assets/Art/Sprites/MainMenu/MAINMENU_GUIDE.png
  artifactKey: Guid(3f1a95cc267505d43a627665d3d81862) Importer(815301076,1909f56bfc062723c751e8b465ee728b)
Start importing Assets/Art/Sprites/MainMenu/MAINMENU_GUIDE.png using Guid(3f1a95cc267505d43a627665d3d81862) Importer(815301076,1909f56bfc062723c751e8b465ee728b)  -> (artifact id: '77fcb700abff014de70d6acb5ff66cf1') in 0.251034 seconds
Number of updated asset objects reloaded before import = 0
Number of asset objects unloaded after import = 3
========================================================================
Received Import Request.
  Time since last request: 3.168773 seconds.
  path: Assets/Art/Sprites/StatsMenu/MENU_GENERAL_LINE.png
  artifactKey: Guid(c3c949fd5aea0e64b9fbbd2f3f6321a7) Importer(815301076,1909f56bfc062723c751e8b465ee728b)
Start importing Assets/Art/Sprites/StatsMenu/MENU_GENERAL_LINE.png using Guid(c3c949fd5aea0e64b9fbbd2f3f6321a7) Importer(815301076,1909f56bfc062723c751e8b465ee728b)  -> (artifact id: 'f7b4a542592920dd586ecfc458f97765') in 0.019322 seconds
Number of updated asset objects reloaded before import = 0
Number of asset objects unloaded after import = 2
========================================================================
Received Import Request.
  Time since last request: 0.000020 seconds.
  path: Assets/Art/Sprites/StatsMenu/MENU_STATS_BAR_ON.png
  artifactKey: Guid(947b89c03df30f844af69d882a3243c6) Importer(815301076,1909f56bfc062723c751e8b465ee728b)
Start importing Assets/Art/Sprites/StatsMenu/MENU_STATS_BAR_ON.png using Guid(947b89c03df30f844af69d882a3243c6) Importer(815301076,1909f56bfc062723c751e8b465ee728b)  -> (artifact id: '31510a48a7e2fecaa6f8a45c5db1a772') in 0.015142 seconds
Number of updated asset objects reloaded before import = 0
Number of asset objects unloaded after import = 2
========================================================================
Received Import Request.
  Time since last request: 9.586939 seconds.
  path: Assets/Art/Sprites/StatsMenu/MENU_GENERAL_LINE.png
  artifactKey: Guid(c3c949fd5aea0e64b9fbbd2f3f6321a7) Importer(815301076,1909f56bfc062723c751e8b465ee728b)
Start importing Assets/Art/Sprites/StatsMenu/MENU_GENERAL_LINE.png using Guid(c3c949fd5aea0e64b9fbbd2f3f6321a7) Importer(815301076,1909f56bfc062723c751e8b465ee728b)  -> (artifact id: 'e0763cf80d4cdc6ad20e1107fa81f2b0') in 0.578382 seconds
Number of updated asset objects reloaded before import = 0
Number of asset objects unloaded after import = 3
========================================================================
Received Prepare
Begin MonoManager ReloadAssembly
Symbol file LoadedFromMemory doesn't match image V:\Usuarios\Vane\MonarcaGameJam2024\Sacred-Shadows\SacredShadows\Library\PackageCache\com.unity.visualscripting@1.8.0\Editor\VisualScripting.Core\Dependencies\YamlDotNet\Unity.VisualScripting.YamlDotNet.dll
Symbol file LoadedFromMemory doesn't match image V:\Usuarios\Vane\MonarcaGameJam2024\Sacred-Shadows\SacredShadows\Library\PackageCache\com.unity.visualscripting@1.8.0\Editor\VisualScripting.Core\Dependencies\DotNetZip\Unity.VisualScripting.IonicZip.dll
- Loaded All Assemblies, in  0.835 seconds
Refreshing native plugins compatible for Editor in 4.19 ms, found 3 plugins.
Native extension for WindowsStandalone target not found
Native extension for Android target not found
Mono: successfully reloaded assembly
- Finished resetting the current domain, in  1.195 seconds
Domain Reload Profiling: 2025ms
	BeginReloadAssembly (168ms)
		ExecutionOrderSort (0ms)
		DisableScriptedObjects (5ms)
		BackupInstance (0ms)
		ReleaseScriptingObjects (0ms)
		CreateAndSetChildDomain (41ms)
	RebuildCommonClasses (37ms)
	RebuildNativeTypeToScriptingClass (14ms)
	initialDomainReloadingComplete (45ms)
	LoadAllAssembliesAndSetupDomain (565ms)
		LoadAssemblies (317ms)
		RebuildTransferFunctionScriptingTraits (0ms)
		AnalyzeDomain (323ms)
			TypeCache.Refresh (317ms)
				TypeCache.ScanAssembly (302ms)
			ScanForSourceGeneratedMonoScriptInfo (0ms)
			ResolveRequiredComponents (6ms)
	FinalizeReload (1195ms)
		ReleaseScriptCaches (0ms)
		RebuildScriptCaches (0ms)
		SetupLoadedEditorAssemblies (463ms)
			LogAssemblyErrors (0ms)
			InitializePlatformSupportModulesInManaged (37ms)
			SetLoadedEditorAssemblies (6ms)
			RefreshPlugins (0ms)
			BeforeProcessingInitializeOnLoad (85ms)
			ProcessInitializeOnLoadAttributes (291ms)
			ProcessInitializeOnLoadMethodAttributes (25ms)
			AfterProcessingInitializeOnLoad (19ms)
			EditorAssembliesLoaded (0ms)
		ExecutionOrderSort2 (0ms)
		AwakeInstancesAfterBackupRestoration (13ms)
Refreshing native plugins compatible for Editor in 4.07 ms, found 3 plugins.
Preloading 0 native plugins for Editor in 0.00 ms.
Unloading 3224 Unused Serialized files (Serialized files now loaded: 0)
Unloading 23 unused Assets / (101.9 KB). Loaded Objects now: 3749.
Memory consumption went from 124.5 MB to 124.4 MB.
Total: 3.576700 ms (FindLiveObjects: 0.414500 ms CreateObjectMapping: 0.083500 ms MarkObjects: 2.985000 ms  DeleteObjects: 0.092600 ms)

Prepare: number of updated asset objects reloaded= 0
AssetImportParameters requested are different than current active one (requested -> active):
  custom:container-demuxer-ogg: 62fdf1f143b41e24485cea50d1cbac27 -> 
  custom:video-decoder-ogg-theora: a1e56fd34408186e4bbccfd4996cb3dc -> 
  custom:framework-win-MediaFoundation: 216162199b28c13a410421893ffa2e32 -> 
  custom:CustomObjectIndexerAttribute: 756ad292c208cfabdd7b50bc23989ffe -> 
  custom:container-demuxer-webm: 4f35f7cbe854078d1ac9338744f61a02 -> 
  custom:container-muxer-webm: aa71ff27fc2769a1b78a27578f13a17b -> 
  custom:video-decoder-webm-vp8: 9c59270c3fd7afecdb556c50c9e8de78 -> 
  custom:AudioImporter_EditorPlatform: d09bf68614088b80899f8185d706f6e7 -> 
  custom:video-encoder-webm-vp8: eb34c28f22e8b96e1ab97ce403110664 -> 
  custom:audio-decoder-ogg-vorbis: bf7c407c2cedff20999df2af8eb42d56 -> 
  custom:audio-encoder-webm-vorbis: bf7c407c2cedff20999df2af8eb42d56 -> 
========================================================================
Received Import Request.
  Time since last request: 535.862870 seconds.
  path: Assets/Art/Models
  artifactKey: Guid(27002b96e2f625540b0b52de170a4e7b) Importer(815301076,1909f56bfc062723c751e8b465ee728b)
Start importing Assets/Art/Models using Guid(27002b96e2f625540b0b52de170a4e7b) Importer(815301076,1909f56bfc062723c751e8b465ee728b)  -> (artifact id: '1a46fdebbc96e041442ac83695985e2c') in 0.001787 seconds
Number of updated asset objects reloaded before import = 0
Number of asset objects unloaded after import = 0
========================================================================
Received Import Request.
  Time since last request: 3.747140 seconds.
  path: Assets/Fonts
  artifactKey: Guid(98a92bbb687d44c429448bc03676d21a) Importer(815301076,1909f56bfc062723c751e8b465ee728b)
Start importing Assets/Fonts using Guid(98a92bbb687d44c429448bc03676d21a) Importer(815301076,1909f56bfc062723c751e8b465ee728b)  -> (artifact id: '87538f304c9a1abd9ceed6eef51d1553') in 0.000391 seconds
Number of updated asset objects reloaded before import = 0
Number of asset objects unloaded after import = 0
========================================================================
Received Import Request.
  Time since last request: 83.211315 seconds.
  path: Assets/Fonts/Telegraphem.otf
  artifactKey: Guid(5aa9a8df8746d0b4d8565b629286da6f) Importer(815301076,1909f56bfc062723c751e8b465ee728b)
Start importing Assets/Fonts/Telegraphem.otf using Guid(5aa9a8df8746d0b4d8565b629286da6f) Importer(815301076,1909f56bfc062723c751e8b465ee728b)  -> (artifact id: '56a4781768b0aa9efa003b0643b8ddf2') in 0.093414 seconds
Number of updated asset objects reloaded before import = 0
Number of asset objects unloaded after import = 4
========================================================================
Received Import Request.
  Time since last request: 35.805555 seconds.
  path: Assets/Fonts/Telegraphem SDF.asset
  artifactKey: Guid(944ee163332c1dc4cadf35e5bce6b05a) Importer(815301076,1909f56bfc062723c751e8b465ee728b)
Start importing Assets/Fonts/Telegraphem SDF.asset using Guid(944ee163332c1dc4cadf35e5bce6b05a) Importer(815301076,1909f56bfc062723c751e8b465ee728b)  -> (artifact id: '6d130206fb6b4538f120c8a54dd0fafd') in 0.082524 seconds
Number of updated asset objects reloaded before import = 0
Number of asset objects unloaded after import = 6
========================================================================
Received Import Request.
  Time since last request: 7.377446 seconds.
  path: Assets/Fonts/Tox Typewriter SDF.asset
  artifactKey: Guid(97c21330c10a83547b9f15b7588073a5) Importer(815301076,1909f56bfc062723c751e8b465ee728b)
Start importing Assets/Fonts/Tox Typewriter SDF.asset using Guid(97c21330c10a83547b9f15b7588073a5) Importer(815301076,1909f56bfc062723c751e8b465ee728b)  -> (artifact id: '59d85fc58a588c191e4cc2263bc65f72') in 0.099057 seconds
Number of updated asset objects reloaded before import = 0
Number of asset objects unloaded after import = 6
========================================================================
Received Import Request.
  Time since last request: 136.001208 seconds.
  path: Assets/Fonts/Tox Typewriter SDF.asset
  artifactKey: Guid(97c21330c10a83547b9f15b7588073a5) Importer(815301076,1909f56bfc062723c751e8b465ee728b)
Start importing Assets/Fonts/Tox Typewriter SDF.asset using Guid(97c21330c10a83547b9f15b7588073a5) Importer(815301076,1909f56bfc062723c751e8b465ee728b)  -> (artifact id: '958cbaa87f3f05fca1d7a6992745793e') in 0.023863 seconds
Number of updated asset objects reloaded before import = 0
Number of asset objects unloaded after import = 6
========================================================================
Received Import Request.
  Time since last request: 68.421876 seconds.
  path: Assets/Sprites
  artifactKey: Guid(2b9cff45c2b0ba74d8dc7502315c537d) Importer(815301076,1909f56bfc062723c751e8b465ee728b)
Start importing Assets/Sprites using Guid(2b9cff45c2b0ba74d8dc7502315c537d) Importer(815301076,1909f56bfc062723c751e8b465ee728b)  -> (artifact id: '25d766f129de68da52b3425ce11e33c5') in 0.000503 seconds
Number of updated asset objects reloaded before import = 0
Number of asset objects unloaded after import = 0
========================================================================
Received Import Request.
  Time since last request: 214.258058 seconds.
  path: Assets/Sprites/Backpack Menu
  artifactKey: Guid(d8fe0191ff3170c41ba9b0ad26152c9e) Importer(815301076,1909f56bfc062723c751e8b465ee728b)
Start importing Assets/Sprites/Backpack Menu using Guid(d8fe0191ff3170c41ba9b0ad26152c9e) Importer(815301076,1909f56bfc062723c751e8b465ee728b)  -> (artifact id: 'f1b354ee3e471839c3e9703b96e266ad') in 0.000840 seconds
Number of updated asset objects reloaded before import = 0
Number of asset objects unloaded after import = 0
========================================================================
Received Import Request.
  Time since last request: 0.034329 seconds.
  path: Assets/Sprites/Backpack Menu/MENU_BACKPACK_BTTN_USE.png
  artifactKey: Guid(1bdfb62f0281ebb43b6a7b732b54858b) Importer(815301076,1909f56bfc062723c751e8b465ee728b)
Start importing Assets/Sprites/Backpack Menu/MENU_BACKPACK_BTTN_USE.png using Guid(1bdfb62f0281ebb43b6a7b732b54858b) Importer(815301076,1909f56bfc062723c751e8b465ee728b)  -> (artifact id: 'ed00e4a161fa30c0d885eaba825cc9a9') in 0.025176 seconds
Number of updated asset objects reloaded before import = 0
Number of asset objects unloaded after import = 2
========================================================================
Received Import Request.
  Time since last request: 0.000021 seconds.
  path: Assets/Sprites/Backpack Menu/MENU_GUIDE.png
  artifactKey: Guid(7c45f978ff41c424cbe26b6a5ec9240e) Importer(815301076,1909f56bfc062723c751e8b465ee728b)
Start importing Assets/Sprites/Backpack Menu/MENU_GUIDE.png using Guid(7c45f978ff41c424cbe26b6a5ec9240e) Importer(815301076,1909f56bfc062723c751e8b465ee728b)  -> (artifact id: '36e052bdfa2545e63383c4f7ebd24154') in 0.024841 seconds
Number of updated asset objects reloaded before import = 0
Number of asset objects unloaded after import = 2
========================================================================
Received Import Request.
  Time since last request: 0.000039 seconds.
  path: Assets/Sprites/Backpack Menu/MENU_BACKPACK_OBJECT_SELECT.png
  artifactKey: Guid(6e47b50dbf805fa43a3ae9e97cff79e9) Importer(815301076,1909f56bfc062723c751e8b465ee728b)
Start importing Assets/Sprites/Backpack Menu/MENU_BACKPACK_OBJECT_SELECT.png using Guid(6e47b50dbf805fa43a3ae9e97cff79e9) Importer(815301076,1909f56bfc062723c751e8b465ee728b)  -> (artifact id: '7ab8a3c989d4849305aa45ef788c6356') in 0.021941 seconds
Number of updated asset objects reloaded before import = 0
Number of asset objects unloaded after import = 2
========================================================================
Received Import Request.
  Time since last request: 24.479448 seconds.
  path: Assets/Sprites/Backpack Menu/MENU_BACKPACK_BTTN_USE.png
  artifactKey: Guid(1bdfb62f0281ebb43b6a7b732b54858b) Importer(815301076,1909f56bfc062723c751e8b465ee728b)
Start importing Assets/Sprites/Backpack Menu/MENU_BACKPACK_BTTN_USE.png using Guid(1bdfb62f0281ebb43b6a7b732b54858b) Importer(815301076,1909f56bfc062723c751e8b465ee728b)  -> (artifact id: 'ee5b1fb83db8d50d41e2b5aec32b2e4c') in 0.207670 seconds
Number of updated asset objects reloaded before import = 0
Number of asset objects unloaded after import = 3
========================================================================
Received Import Request.
  Time since last request: 13.169625 seconds.
  path: Assets/Sprites/HUD
  artifactKey: Guid(94609d1737e57074196cfff83f56c248) Importer(815301076,1909f56bfc062723c751e8b465ee728b)
Start importing Assets/Sprites/HUD using Guid(94609d1737e57074196cfff83f56c248) Importer(815301076,1909f56bfc062723c751e8b465ee728b)  -> (artifact id: '5f3f28f515436d6c2df9a585e6313f2e') in 0.001019 seconds
Number of updated asset objects reloaded before import = 0
Number of asset objects unloaded after import = 0
========================================================================
Received Import Request.
  Time since last request: 0.058717 seconds.
  path: Assets/Sprites/HUD/HUD_BACKPACK.png
  artifactKey: Guid(67ac376934f343446adc86e2d0fff5bc) Importer(815301076,1909f56bfc062723c751e8b465ee728b)
Start importing Assets/Sprites/HUD/HUD_BACKPACK.png using Guid(67ac376934f343446adc86e2d0fff5bc) Importer(815301076,1909f56bfc062723c751e8b465ee728b)  -> (artifact id: 'ebe49f9e43821baacca481c58ae75576') in 0.022416 seconds
Number of updated asset objects reloaded before import = 0
Number of asset objects unloaded after import = 2
========================================================================
Received Import Request.
  Time since last request: 0.000021 seconds.
  path: Assets/Sprites/HUD/HUD_FEARBASE.png
  artifactKey: Guid(29b704bcbd7428242915754b135c7890) Importer(815301076,1909f56bfc062723c751e8b465ee728b)
Start importing Assets/Sprites/HUD/HUD_FEARBASE.png using Guid(29b704bcbd7428242915754b135c7890) Importer(815301076,1909f56bfc062723c751e8b465ee728b)  -> (artifact id: '4b77bee435d054ce62b7857da5c95351') in 0.021120 seconds
Number of updated asset objects reloaded before import = 0
Number of asset objects unloaded after import = 2
========================================================================
Received Import Request.
  Time since last request: 14.984053 seconds.
  path: Assets/Sprites/HUD/HUD_BACKPACK.png
  artifactKey: Guid(67ac376934f343446adc86e2d0fff5bc) Importer(815301076,1909f56bfc062723c751e8b465ee728b)
Start importing Assets/Sprites/HUD/HUD_BACKPACK.png using Guid(67ac376934f343446adc86e2d0fff5bc) Importer(815301076,1909f56bfc062723c751e8b465ee728b)  -> (artifact id: 'dd66b7d2156949510280e0d57e019aa0') in 0.029850 seconds
Number of updated asset objects reloaded before import = 0
Number of asset objects unloaded after import = 3
========================================================================
Received Import Request.
  Time since last request: 0.000021 seconds.
  path: Assets/Sprites/HUD/HUD_SMARTWATCH.png
  artifactKey: Guid(62eb96a071f449c43a6317cf305b168b) Importer(815301076,1909f56bfc062723c751e8b465ee728b)
Start importing Assets/Sprites/HUD/HUD_SMARTWATCH.png using Guid(62eb96a071f449c43a6317cf305b168b) Importer(815301076,1909f56bfc062723c751e8b465ee728b)  -> (artifact id: 'a63c8076d66a4a2a1b12144dd8c70f57') in 0.033529 seconds
Number of updated asset objects reloaded before import = 0
Number of asset objects unloaded after import = 3
========================================================================
Received Import Request.
  Time since last request: 835.416852 seconds.
  path: Assets/Sprites/Stats Menu
  artifactKey: Guid(bcb3e5dc1c2e924449477d80a0721516) Importer(815301076,1909f56bfc062723c751e8b465ee728b)
Start importing Assets/Sprites/Stats Menu using Guid(bcb3e5dc1c2e924449477d80a0721516) Importer(815301076,1909f56bfc062723c751e8b465ee728b)  -> (artifact id: '72e9883cab4f22a07ddc1b74d8c6df6d') in 0.000549 seconds
Number of updated asset objects reloaded before import = 0
Number of asset objects unloaded after import = 0
========================================================================
Received Import Request.
  Time since last request: 0.050395 seconds.
  path: Assets/Sprites/Stats Menu/MENU_GENERAL_BASE.png
  artifactKey: Guid(c228428e7ccfcb04a8131f21e8099939) Importer(815301076,1909f56bfc062723c751e8b465ee728b)
Start importing Assets/Sprites/Stats Menu/MENU_GENERAL_BASE.png using Guid(c228428e7ccfcb04a8131f21e8099939) Importer(815301076,1909f56bfc062723c751e8b465ee728b)  -> (artifact id: '1b482b0a22ac629684b5ebad4abb7f0b') in 0.022440 seconds
Number of updated asset objects reloaded before import = 0
Number of asset objects unloaded after import = 2
========================================================================
Received Import Request.
  Time since last request: 0.000018 seconds.
  path: Assets/Sprites/Stats Menu/MENU_STATS_BAR_ON.png
  artifactKey: Guid(88712e44043340f4c971c98ec01d9a08) Importer(815301076,1909f56bfc062723c751e8b465ee728b)
Start importing Assets/Sprites/Stats Menu/MENU_STATS_BAR_ON.png using Guid(88712e44043340f4c971c98ec01d9a08) Importer(815301076,1909f56bfc062723c751e8b465ee728b)  -> (artifact id: 'c5e3549843b7bcfa923bf43ac8677547') in 0.017890 seconds
Number of updated asset objects reloaded before import = 0
Number of asset objects unloaded after import = 2
========================================================================
Received Prepare
Begin MonoManager ReloadAssembly
Symbol file LoadedFromMemory doesn't match image V:\Usuarios\Vane\MonarcaGameJam2024\Sacred-Shadows\SacredShadows\Library\PackageCache\com.unity.visualscripting@1.8.0\Editor\VisualScripting.Core\Dependencies\YamlDotNet\Unity.VisualScripting.YamlDotNet.dll
Symbol file LoadedFromMemory doesn't match image V:\Usuarios\Vane\MonarcaGameJam2024\Sacred-Shadows\SacredShadows\Library\PackageCache\com.unity.visualscripting@1.8.0\Editor\VisualScripting.Core\Dependencies\DotNetZip\Unity.VisualScripting.IonicZip.dll
- Loaded All Assemblies, in  0.956 seconds
Refreshing native plugins compatible for Editor in 4.82 ms, found 3 plugins.
Native extension for WindowsStandalone target not found
Native extension for Android target not found
Mono: successfully reloaded assembly
- Finished resetting the current domain, in  1.185 seconds
Domain Reload Profiling: 2136ms
	BeginReloadAssembly (200ms)
		ExecutionOrderSort (0ms)
		DisableScriptedObjects (5ms)
		BackupInstance (0ms)
		ReleaseScriptingObjects (0ms)
		CreateAndSetChildDomain (64ms)
	RebuildCommonClasses (42ms)
	RebuildNativeTypeToScriptingClass (12ms)
	initialDomainReloadingComplete (42ms)
	LoadAllAssembliesAndSetupDomain (655ms)
		LoadAssemblies (405ms)
		RebuildTransferFunctionScriptingTraits (0ms)
		AnalyzeDomain (331ms)
			TypeCache.Refresh (326ms)
				TypeCache.ScanAssembly (309ms)
			ScanForSourceGeneratedMonoScriptInfo (0ms)
			ResolveRequiredComponents (5ms)
	FinalizeReload (1185ms)
		ReleaseScriptCaches (0ms)
		RebuildScriptCaches (0ms)
		SetupLoadedEditorAssemblies (446ms)
			LogAssemblyErrors (0ms)
			InitializePlatformSupportModulesInManaged (39ms)
			SetLoadedEditorAssemblies (6ms)
			RefreshPlugins (0ms)
			BeforeProcessingInitializeOnLoad (80ms)
			ProcessInitializeOnLoadAttributes (280ms)
			ProcessInitializeOnLoadMethodAttributes (24ms)
			AfterProcessingInitializeOnLoad (17ms)
			EditorAssembliesLoaded (0ms)
		ExecutionOrderSort2 (0ms)
		AwakeInstancesAfterBackupRestoration (12ms)
Refreshing native plugins compatible for Editor in 4.30 ms, found 3 plugins.
Preloading 0 native plugins for Editor in 0.00 ms.
Unloading 3224 Unused Serialized files (Serialized files now loaded: 0)
Unloading 23 unused Assets / (101.8 KB). Loaded Objects now: 3810.
Memory consumption went from 125.0 MB to 124.9 MB.
Total: 4.029700 ms (FindLiveObjects: 0.395800 ms CreateObjectMapping: 0.082300 ms MarkObjects: 3.432500 ms  DeleteObjects: 0.118000 ms)

Prepare: number of updated asset objects reloaded= 0
AssetImportParameters requested are different than current active one (requested -> active):
  custom:container-demuxer-ogg: 62fdf1f143b41e24485cea50d1cbac27 -> 
  custom:video-decoder-ogg-theora: a1e56fd34408186e4bbccfd4996cb3dc -> 
  custom:framework-win-MediaFoundation: 216162199b28c13a410421893ffa2e32 -> 
  custom:CustomObjectIndexerAttribute: 756ad292c208cfabdd7b50bc23989ffe -> 
  custom:container-demuxer-webm: 4f35f7cbe854078d1ac9338744f61a02 -> 
  custom:container-muxer-webm: aa71ff27fc2769a1b78a27578f13a17b -> 
  custom:video-decoder-webm-vp8: 9c59270c3fd7afecdb556c50c9e8de78 -> 
  custom:AudioImporter_EditorPlatform: d09bf68614088b80899f8185d706f6e7 -> 
  custom:video-encoder-webm-vp8: eb34c28f22e8b96e1ab97ce403110664 -> 
  custom:audio-decoder-ogg-vorbis: bf7c407c2cedff20999df2af8eb42d56 -> 
  custom:audio-encoder-webm-vorbis: bf7c407c2cedff20999df2af8eb42d56 -> 
========================================================================
Received Prepare
Begin MonoManager ReloadAssembly
Symbol file LoadedFromMemory doesn't match image V:\Usuarios\Vane\MonarcaGameJam2024\Sacred-Shadows\SacredShadows\Library\PackageCache\com.unity.visualscripting@1.8.0\Editor\VisualScripting.Core\Dependencies\YamlDotNet\Unity.VisualScripting.YamlDotNet.dll
Symbol file LoadedFromMemory doesn't match image V:\Usuarios\Vane\MonarcaGameJam2024\Sacred-Shadows\SacredShadows\Library\PackageCache\com.unity.visualscripting@1.8.0\Editor\VisualScripting.Core\Dependencies\DotNetZip\Unity.VisualScripting.IonicZip.dll
- Loaded All Assemblies, in  0.819 seconds
Refreshing native plugins compatible for Editor in 3.40 ms, found 3 plugins.
Native extension for WindowsStandalone target not found
Native extension for Android target not found
Mono: successfully reloaded assembly
- Finished resetting the current domain, in  1.111 seconds
Domain Reload Profiling: 1927ms
	BeginReloadAssembly (168ms)
		ExecutionOrderSort (0ms)
		DisableScriptedObjects (6ms)
		BackupInstance (0ms)
		ReleaseScriptingObjects (0ms)
		CreateAndSetChildDomain (43ms)
	RebuildCommonClasses (39ms)
	RebuildNativeTypeToScriptingClass (17ms)
	initialDomainReloadingComplete (43ms)
	LoadAllAssembliesAndSetupDomain (549ms)
		LoadAssemblies (319ms)
		RebuildTransferFunctionScriptingTraits (0ms)
		AnalyzeDomain (304ms)
			TypeCache.Refresh (299ms)
				TypeCache.ScanAssembly (287ms)
			ScanForSourceGeneratedMonoScriptInfo (0ms)
			ResolveRequiredComponents (5ms)
	FinalizeReload (1112ms)
		ReleaseScriptCaches (0ms)
		RebuildScriptCaches (0ms)
		SetupLoadedEditorAssemblies (425ms)
			LogAssemblyErrors (0ms)
			InitializePlatformSupportModulesInManaged (34ms)
			SetLoadedEditorAssemblies (6ms)
			RefreshPlugins (0ms)
			BeforeProcessingInitializeOnLoad (77ms)
			ProcessInitializeOnLoadAttributes (266ms)
			ProcessInitializeOnLoadMethodAttributes (24ms)
			AfterProcessingInitializeOnLoad (17ms)
			EditorAssembliesLoaded (0ms)
		ExecutionOrderSort2 (0ms)
		AwakeInstancesAfterBackupRestoration (11ms)
Refreshing native plugins compatible for Editor in 4.31 ms, found 3 plugins.
Preloading 0 native plugins for Editor in 0.00 ms.
Unloading 3225 Unused Serialized files (Serialized files now loaded: 0)
Unloading 23 unused Assets / (101.9 KB). Loaded Objects now: 3825.
Memory consumption went from 125.2 MB to 125.1 MB.
Total: 4.194800 ms (FindLiveObjects: 0.575700 ms CreateObjectMapping: 0.154800 ms MarkObjects: 3.376400 ms  DeleteObjects: 0.086100 ms)

Prepare: number of updated asset objects reloaded= 0
AssetImportParameters requested are different than current active one (requested -> active):
  custom:container-demuxer-ogg: 62fdf1f143b41e24485cea50d1cbac27 -> 
  custom:video-decoder-ogg-theora: a1e56fd34408186e4bbccfd4996cb3dc -> 
  custom:framework-win-MediaFoundation: 216162199b28c13a410421893ffa2e32 -> 
  custom:CustomObjectIndexerAttribute: 756ad292c208cfabdd7b50bc23989ffe -> 
  custom:container-demuxer-webm: 4f35f7cbe854078d1ac9338744f61a02 -> 
  custom:container-muxer-webm: aa71ff27fc2769a1b78a27578f13a17b -> 
  custom:video-decoder-webm-vp8: 9c59270c3fd7afecdb556c50c9e8de78 -> 
  custom:AudioImporter_EditorPlatform: d09bf68614088b80899f8185d706f6e7 -> 
  custom:video-encoder-webm-vp8: eb34c28f22e8b96e1ab97ce403110664 -> 
  custom:audio-decoder-ogg-vorbis: bf7c407c2cedff20999df2af8eb42d56 -> 
  custom:audio-encoder-webm-vorbis: bf7c407c2cedff20999df2af8eb42d56 -> 
========================================================================
Received Import Request.
  Time since last request: 2216.275708 seconds.
  path: Assets/Sprites/Stats Menu/MENU_GENERAL_BASE.png
  artifactKey: Guid(c228428e7ccfcb04a8131f21e8099939) Importer(815301076,1909f56bfc062723c751e8b465ee728b)
Start importing Assets/Sprites/Stats Menu/MENU_GENERAL_BASE.png using Guid(c228428e7ccfcb04a8131f21e8099939) Importer(815301076,1909f56bfc062723c751e8b465ee728b)  -> (artifact id: '93e57d826c09621b7210b0f7d7765cf2') in 0.083094 seconds
Number of updated asset objects reloaded before import = 0
Number of asset objects unloaded after import = 3
========================================================================
Received Import Request.
  Time since last request: 0.000022 seconds.
  path: Assets/Sprites/Stats Menu/MENU_STATS_BAR_ON.png
  artifactKey: Guid(88712e44043340f4c971c98ec01d9a08) Importer(815301076,1909f56bfc062723c751e8b465ee728b)
Start importing Assets/Sprites/Stats Menu/MENU_STATS_BAR_ON.png using Guid(88712e44043340f4c971c98ec01d9a08) Importer(815301076,1909f56bfc062723c751e8b465ee728b)  -> (artifact id: 'debf7e5507b858c30b3762a070a0a3e4') in 0.025375 seconds
Number of updated asset objects reloaded before import = 0
Number of asset objects unloaded after import = 3
========================================================================
Received Import Request.
  Time since last request: 38.749205 seconds.
  path: Assets/Sprites/Main Menu
  artifactKey: Guid(e41c0ab74d770b748b90299547476abe) Importer(815301076,1909f56bfc062723c751e8b465ee728b)
Start importing Assets/Sprites/Main Menu using Guid(e41c0ab74d770b748b90299547476abe) Importer(815301076,1909f56bfc062723c751e8b465ee728b)  -> (artifact id: '151e4bc7cb8e8d3ab3cc6d89a8f845f0') in 0.000452 seconds
Number of updated asset objects reloaded before import = 0
Number of asset objects unloaded after import = 0
========================================================================
Received Import Request.
  Time since last request: 0.060834 seconds.
  path: Assets/Sprites/Main Menu/MAINMENU_B.png
  artifactKey: Guid(cd74ba7574c98ea48afb468bfb7d3876) Importer(815301076,1909f56bfc062723c751e8b465ee728b)
Start importing Assets/Sprites/Main Menu/MAINMENU_B.png using Guid(cd74ba7574c98ea48afb468bfb7d3876) Importer(815301076,1909f56bfc062723c751e8b465ee728b)  -> (artifact id: '5dbff7878fb8302d78da445660a15448') in 0.026290 seconds
Number of updated asset objects reloaded before import = 0
Number of asset objects unloaded after import = 2
========================================================================
Received Import Request.
  Time since last request: 0.000020 seconds.
  path: Assets/Sprites/Main Menu/THEFEARCULT_LOGO_GAME.png
  artifactKey: Guid(32149bab0073b334d8dfea899c02aa7f) Importer(815301076,1909f56bfc062723c751e8b465ee728b)
Start importing Assets/Sprites/Main Menu/THEFEARCULT_LOGO_GAME.png using Guid(32149bab0073b334d8dfea899c02aa7f) Importer(815301076,1909f56bfc062723c751e8b465ee728b)  -> (artifact id: '625d1c1807e722cc9513c99409b22c4b') in 0.025005 seconds
Number of updated asset objects reloaded before import = 0
Number of asset objects unloaded after import = 2
========================================================================
Received Import Request.
  Time since last request: 0.000021 seconds.
  path: Assets/Sprites/Main Menu/MAINMENU_TITLE.png
  artifactKey: Guid(29f64b9ec13ccf1479396edc48422ac1) Importer(815301076,1909f56bfc062723c751e8b465ee728b)
Start importing Assets/Sprites/Main Menu/MAINMENU_TITLE.png using Guid(29f64b9ec13ccf1479396edc48422ac1) Importer(815301076,1909f56bfc062723c751e8b465ee728b)  -> (artifact id: '47c31e25ab711f7a137f2ae00a1bb802') in 0.019613 seconds
Number of updated asset objects reloaded before import = 0
Number of asset objects unloaded after import = 2
========================================================================
Received Import Request.
  Time since last request: 10.054655 seconds.
  path: Assets/Sprites/Main Menu/MAINMENU_GUIDE.png
  artifactKey: Guid(12790ccbc3099c243b4223ba016e54c6) Importer(815301076,1909f56bfc062723c751e8b465ee728b)
Start importing Assets/Sprites/Main Menu/MAINMENU_GUIDE.png using Guid(12790ccbc3099c243b4223ba016e54c6) Importer(815301076,1909f56bfc062723c751e8b465ee728b)  -> (artifact id: '99447e103a93374743cb3c6e2bdd40bd') in 0.025361 seconds
Number of updated asset objects reloaded before import = 0
Number of asset objects unloaded after import = 3
========================================================================
Received Import Request.
  Time since last request: 0.000018 seconds.
  path: Assets/Sprites/Main Menu/MAINMENU_TITLE.png
  artifactKey: Guid(29f64b9ec13ccf1479396edc48422ac1) Importer(815301076,1909f56bfc062723c751e8b465ee728b)
Start importing Assets/Sprites/Main Menu/MAINMENU_TITLE.png using Guid(29f64b9ec13ccf1479396edc48422ac1) Importer(815301076,1909f56bfc062723c751e8b465ee728b)  -> (artifact id: '137084b7e599480e8bedffb1066cfc13') in 0.029141 seconds
Number of updated asset objects reloaded before import = 0
Number of asset objects unloaded after import = 3
========================================================================
Received Import Request.
  Time since last request: 212.685034 seconds.
  path: Assets/TextMesh Pro/Resources/Fonts & Materials/LiberationSans SDF - Drop Shadow.mat
  artifactKey: Guid(e73a58f6e2794ae7b1b7e50b7fb811b0) Importer(815301076,1909f56bfc062723c751e8b465ee728b)
Start importing Assets/TextMesh Pro/Resources/Fonts & Materials/LiberationSans SDF - Drop Shadow.mat using Guid(e73a58f6e2794ae7b1b7e50b7fb811b0) Importer(815301076,1909f56bfc062723c751e8b465ee728b)  -> (artifact id: 'e479bff43721c426c149ebc456d3b5ef') in 0.116886 seconds
Number of updated asset objects reloaded before import = 0
Number of asset objects unloaded after import = 2
========================================================================
Received Import Request.
  Time since last request: 0.000021 seconds.
  path: Assets/TextMesh Pro/Resources/Fonts & Materials/LiberationSans SDF - Fallback.asset
  artifactKey: Guid(2e498d1c8094910479dc3e1b768306a4) Importer(815301076,1909f56bfc062723c751e8b465ee728b)
Start importing Assets/TextMesh Pro/Resources/Fonts & Materials/LiberationSans SDF - Fallback.asset using Guid(2e498d1c8094910479dc3e1b768306a4) Importer(815301076,1909f56bfc062723c751e8b465ee728b)  -> (artifact id: 'eaa5ab349f91cbce5a5a70740bbcb7f7') in 0.035817 seconds
Number of updated asset objects reloaded before import = 0
Number of asset objects unloaded after import = 6
========================================================================
Received Import Request.
  Time since last request: 3.322735 seconds.
  path: Assets/Fonts/Tox Typewriter SDF.asset
  artifactKey: Guid(97c21330c10a83547b9f15b7588073a5) Importer(815301076,1909f56bfc062723c751e8b465ee728b)
Start importing Assets/Fonts/Tox Typewriter SDF.asset using Guid(97c21330c10a83547b9f15b7588073a5) Importer(815301076,1909f56bfc062723c751e8b465ee728b)  -> (artifact id: '77915903e447ebccfead832b58ea4cb2') in 0.024812 seconds
Number of updated asset objects reloaded before import = 0
Number of asset objects unloaded after import = 6
========================================================================
Received Prepare
Begin MonoManager ReloadAssembly
Symbol file LoadedFromMemory doesn't match image V:\Usuarios\Vane\MonarcaGameJam2024\Sacred-Shadows\SacredShadows\Library\PackageCache\com.unity.visualscripting@1.8.0\Editor\VisualScripting.Core\Dependencies\YamlDotNet\Unity.VisualScripting.YamlDotNet.dll
Symbol file LoadedFromMemory doesn't match image V:\Usuarios\Vane\MonarcaGameJam2024\Sacred-Shadows\SacredShadows\Library\PackageCache\com.unity.visualscripting@1.8.0\Editor\VisualScripting.Core\Dependencies\DotNetZip\Unity.VisualScripting.IonicZip.dll
- Loaded All Assemblies, in  0.833 seconds
Refreshing native plugins compatible for Editor in 3.24 ms, found 3 plugins.
Native extension for WindowsStandalone target not found
Native extension for Android target not found
Mono: successfully reloaded assembly
- Finished resetting the current domain, in  1.133 seconds
Domain Reload Profiling: 1961ms
	BeginReloadAssembly (170ms)
		ExecutionOrderSort (0ms)
		DisableScriptedObjects (4ms)
		BackupInstance (0ms)
		ReleaseScriptingObjects (0ms)
		CreateAndSetChildDomain (45ms)
	RebuildCommonClasses (37ms)
	RebuildNativeTypeToScriptingClass (12ms)
	initialDomainReloadingComplete (43ms)
	LoadAllAssembliesAndSetupDomain (565ms)
		LoadAssemblies (336ms)
		RebuildTransferFunctionScriptingTraits (0ms)
		AnalyzeDomain (307ms)
			TypeCache.Refresh (302ms)
				TypeCache.ScanAssembly (287ms)
			ScanForSourceGeneratedMonoScriptInfo (0ms)
			ResolveRequiredComponents (5ms)
	FinalizeReload (1134ms)
		ReleaseScriptCaches (0ms)
		RebuildScriptCaches (0ms)
		SetupLoadedEditorAssemblies (422ms)
			LogAssemblyErrors (0ms)
			InitializePlatformSupportModulesInManaged (36ms)
			SetLoadedEditorAssemblies (6ms)
			RefreshPlugins (0ms)
			BeforeProcessingInitializeOnLoad (78ms)
			ProcessInitializeOnLoadAttributes (263ms)
			ProcessInitializeOnLoadMethodAttributes (20ms)
			AfterProcessingInitializeOnLoad (19ms)
			EditorAssembliesLoaded (0ms)
		ExecutionOrderSort2 (0ms)
		AwakeInstancesAfterBackupRestoration (14ms)
Refreshing native plugins compatible for Editor in 4.08 ms, found 3 plugins.
Preloading 0 native plugins for Editor in 0.00 ms.
Unloading 3224 Unused Serialized files (Serialized files now loaded: 0)
Unloading 23 unused Assets / (101.9 KB). Loaded Objects now: 3845.
Memory consumption went from 125.0 MB to 124.9 MB.
Total: 3.571000 ms (FindLiveObjects: 0.595300 ms CreateObjectMapping: 0.146100 ms MarkObjects: 2.754800 ms  DeleteObjects: 0.073500 ms)

Prepare: number of updated asset objects reloaded= 0
AssetImportParameters requested are different than current active one (requested -> active):
  custom:container-demuxer-ogg: 62fdf1f143b41e24485cea50d1cbac27 -> 
  custom:video-decoder-ogg-theora: a1e56fd34408186e4bbccfd4996cb3dc -> 
  custom:framework-win-MediaFoundation: 216162199b28c13a410421893ffa2e32 -> 
  custom:CustomObjectIndexerAttribute: 756ad292c208cfabdd7b50bc23989ffe -> 
  custom:container-demuxer-webm: 4f35f7cbe854078d1ac9338744f61a02 -> 
  custom:container-muxer-webm: aa71ff27fc2769a1b78a27578f13a17b -> 
  custom:video-decoder-webm-vp8: 9c59270c3fd7afecdb556c50c9e8de78 -> 
  custom:AudioImporter_EditorPlatform: d09bf68614088b80899f8185d706f6e7 -> 
  custom:video-encoder-webm-vp8: eb34c28f22e8b96e1ab97ce403110664 -> 
  custom:audio-decoder-ogg-vorbis: bf7c407c2cedff20999df2af8eb42d56 -> 
  custom:audio-encoder-webm-vorbis: bf7c407c2cedff20999df2af8eb42d56 -> 
========================================================================
Received Prepare
Begin MonoManager ReloadAssembly
Symbol file LoadedFromMemory doesn't match image V:\Usuarios\Vane\MonarcaGameJam2024\Sacred-Shadows\SacredShadows\Library\PackageCache\com.unity.visualscripting@1.8.0\Editor\VisualScripting.Core\Dependencies\YamlDotNet\Unity.VisualScripting.YamlDotNet.dll
Symbol file LoadedFromMemory doesn't match image V:\Usuarios\Vane\MonarcaGameJam2024\Sacred-Shadows\SacredShadows\Library\PackageCache\com.unity.visualscripting@1.8.0\Editor\VisualScripting.Core\Dependencies\DotNetZip\Unity.VisualScripting.IonicZip.dll
- Loaded All Assemblies, in  0.851 seconds
Refreshing native plugins compatible for Editor in 3.67 ms, found 3 plugins.
Native extension for WindowsStandalone target not found
Native extension for Android target not found
Mono: successfully reloaded assembly
- Finished resetting the current domain, in  1.106 seconds
Domain Reload Profiling: 1952ms
	BeginReloadAssembly (183ms)
		ExecutionOrderSort (0ms)
		DisableScriptedObjects (5ms)
		BackupInstance (0ms)
		ReleaseScriptingObjects (0ms)
		CreateAndSetChildDomain (46ms)
	RebuildCommonClasses (43ms)
	RebuildNativeTypeToScriptingClass (12ms)
	initialDomainReloadingComplete (41ms)
	LoadAllAssembliesAndSetupDomain (567ms)
		LoadAssemblies (331ms)
		RebuildTransferFunctionScriptingTraits (0ms)
		AnalyzeDomain (319ms)
			TypeCache.Refresh (312ms)
				TypeCache.ScanAssembly (299ms)
			ScanForSourceGeneratedMonoScriptInfo (0ms)
			ResolveRequiredComponents (7ms)
	FinalizeReload (1106ms)
		ReleaseScriptCaches (0ms)
		RebuildScriptCaches (0ms)
		SetupLoadedEditorAssemblies (422ms)
			LogAssemblyErrors (0ms)
			InitializePlatformSupportModulesInManaged (35ms)
			SetLoadedEditorAssemblies (5ms)
			RefreshPlugins (0ms)
			BeforeProcessingInitializeOnLoad (77ms)
			ProcessInitializeOnLoadAttributes (265ms)
			ProcessInitializeOnLoadMethodAttributes (21ms)
			AfterProcessingInitializeOnLoad (19ms)
			EditorAssembliesLoaded (0ms)
		ExecutionOrderSort2 (0ms)
		AwakeInstancesAfterBackupRestoration (11ms)
Refreshing native plugins compatible for Editor in 4.05 ms, found 3 plugins.
Preloading 0 native plugins for Editor in 0.00 ms.
Unloading 3225 Unused Serialized files (Serialized files now loaded: 0)
Unloading 23 unused Assets / (101.9 KB). Loaded Objects now: 3860.
Memory consumption went from 125.3 MB to 125.2 MB.
Total: 3.333200 ms (FindLiveObjects: 0.416000 ms CreateObjectMapping: 0.092400 ms MarkObjects: 2.736300 ms  DeleteObjects: 0.087300 ms)

Prepare: number of updated asset objects reloaded= 0
AssetImportParameters requested are different than current active one (requested -> active):
  custom:container-demuxer-ogg: 62fdf1f143b41e24485cea50d1cbac27 -> 
  custom:video-decoder-ogg-theora: a1e56fd34408186e4bbccfd4996cb3dc -> 
  custom:framework-win-MediaFoundation: 216162199b28c13a410421893ffa2e32 -> 
  custom:CustomObjectIndexerAttribute: 756ad292c208cfabdd7b50bc23989ffe -> 
  custom:container-demuxer-webm: 4f35f7cbe854078d1ac9338744f61a02 -> 
  custom:container-muxer-webm: aa71ff27fc2769a1b78a27578f13a17b -> 
  custom:video-decoder-webm-vp8: 9c59270c3fd7afecdb556c50c9e8de78 -> 
  custom:AudioImporter_EditorPlatform: d09bf68614088b80899f8185d706f6e7 -> 
  custom:video-encoder-webm-vp8: eb34c28f22e8b96e1ab97ce403110664 -> 
  custom:audio-decoder-ogg-vorbis: bf7c407c2cedff20999df2af8eb42d56 -> 
  custom:audio-encoder-webm-vorbis: bf7c407c2cedff20999df2af8eb42d56 -> 
========================================================================
Received Import Request.
  Time since last request: 1598.004632 seconds.
  path: Assets/Fonts/Tox Typewriter SDF.asset
  artifactKey: Guid(97c21330c10a83547b9f15b7588073a5) Importer(815301076,1909f56bfc062723c751e8b465ee728b)
Start importing Assets/Fonts/Tox Typewriter SDF.asset using Guid(97c21330c10a83547b9f15b7588073a5) Importer(815301076,1909f56bfc062723c751e8b465ee728b)  -> (artifact id: 'b4b67f4343f118b38f84dc46757ed5ff') in 0.097605 seconds
Number of updated asset objects reloaded before import = 0
Number of asset objects unloaded after import = 6
========================================================================
Received Prepare
Begin MonoManager ReloadAssembly
Symbol file LoadedFromMemory doesn't match image V:\Usuarios\Vane\MonarcaGameJam2024\Sacred-Shadows\SacredShadows\Library\PackageCache\com.unity.visualscripting@1.8.0\Editor\VisualScripting.Core\Dependencies\YamlDotNet\Unity.VisualScripting.YamlDotNet.dll
Symbol file LoadedFromMemory doesn't match image V:\Usuarios\Vane\MonarcaGameJam2024\Sacred-Shadows\SacredShadows\Library\PackageCache\com.unity.visualscripting@1.8.0\Editor\VisualScripting.Core\Dependencies\DotNetZip\Unity.VisualScripting.IonicZip.dll
- Loaded All Assemblies, in  0.817 seconds
Refreshing native plugins compatible for Editor in 4.42 ms, found 3 plugins.
Native extension for WindowsStandalone target not found
Native extension for Android target not found
Mono: successfully reloaded assembly
- Finished resetting the current domain, in  1.137 seconds
Domain Reload Profiling: 1950ms
	BeginReloadAssembly (169ms)
		ExecutionOrderSort (0ms)
		DisableScriptedObjects (4ms)
		BackupInstance (0ms)
		ReleaseScriptingObjects (0ms)
		CreateAndSetChildDomain (42ms)
	RebuildCommonClasses (39ms)
	RebuildNativeTypeToScriptingClass (15ms)
	initialDomainReloadingComplete (44ms)
	LoadAllAssembliesAndSetupDomain (547ms)
		LoadAssemblies (320ms)
		RebuildTransferFunctionScriptingTraits (0ms)
		AnalyzeDomain (305ms)
			TypeCache.Refresh (300ms)
				TypeCache.ScanAssembly (286ms)
			ScanForSourceGeneratedMonoScriptInfo (0ms)
			ResolveRequiredComponents (5ms)
	FinalizeReload (1137ms)
		ReleaseScriptCaches (0ms)
		RebuildScriptCaches (0ms)
		SetupLoadedEditorAssemblies (431ms)
			LogAssemblyErrors (0ms)
			InitializePlatformSupportModulesInManaged (32ms)
			SetLoadedEditorAssemblies (5ms)
			RefreshPlugins (0ms)
			BeforeProcessingInitializeOnLoad (80ms)
			ProcessInitializeOnLoadAttributes (275ms)
			ProcessInitializeOnLoadMethodAttributes (22ms)
			AfterProcessingInitializeOnLoad (18ms)
			EditorAssembliesLoaded (0ms)
		ExecutionOrderSort2 (0ms)
		AwakeInstancesAfterBackupRestoration (11ms)
Refreshing native plugins compatible for Editor in 4.49 ms, found 3 plugins.
Preloading 0 native plugins for Editor in 0.00 ms.
Unloading 3224 Unused Serialized files (Serialized files now loaded: 0)
Unloading 23 unused Assets / (101.9 KB). Loaded Objects now: 3875.
Memory consumption went from 125.0 MB to 124.9 MB.
Total: 4.056500 ms (FindLiveObjects: 0.339900 ms CreateObjectMapping: 0.084600 ms MarkObjects: 3.466700 ms  DeleteObjects: 0.163400 ms)

Prepare: number of updated asset objects reloaded= 0
AssetImportParameters requested are different than current active one (requested -> active):
  custom:container-demuxer-ogg: 62fdf1f143b41e24485cea50d1cbac27 -> 
  custom:video-decoder-ogg-theora: a1e56fd34408186e4bbccfd4996cb3dc -> 
  custom:framework-win-MediaFoundation: 216162199b28c13a410421893ffa2e32 -> 
  custom:CustomObjectIndexerAttribute: 756ad292c208cfabdd7b50bc23989ffe -> 
  custom:container-demuxer-webm: 4f35f7cbe854078d1ac9338744f61a02 -> 
  custom:container-muxer-webm: aa71ff27fc2769a1b78a27578f13a17b -> 
  custom:video-decoder-webm-vp8: 9c59270c3fd7afecdb556c50c9e8de78 -> 
  custom:AudioImporter_EditorPlatform: d09bf68614088b80899f8185d706f6e7 -> 
  custom:video-encoder-webm-vp8: eb34c28f22e8b96e1ab97ce403110664 -> 
  custom:audio-decoder-ogg-vorbis: bf7c407c2cedff20999df2af8eb42d56 -> 
  custom:audio-encoder-webm-vorbis: bf7c407c2cedff20999df2af8eb42d56 -> 
